
collect: system execution failed.
Following is the set of recorded exceptions:

-------------------------------------------------------------------------------
Class / Object      Routine                Nature of exception           Effect
-------------------------------------------------------------------------------
STRING_8            to_integer @1          is_integer:                  
<00000000023A1078>  (From READABLE_STRING_GENERAL)
                                           Precondition violated.        Fail
-------------------------------------------------------------------------------
COLLECT_APPLICATION initialize @3                                       
<00000000023A05A8>                         Routine failure.              Fail
-------------------------------------------------------------------------------
COLLECT_APPLICATION make_and_launch @1                                  
<00000000023A05A8>  (From WSF_LAUNCHABLE_SERVICE)
                                           Routine failure.              Fail
-------------------------------------------------------------------------------
COLLECT_APPLICATION root's creation                                     
<00000000023A05A8>                         Routine failure.              Exit
-------------------------------------------------------------------------------

collect: PANIC: illegal opcode ...

collect: system execution failed.
Following is the set of recorded exceptions.
NB: The raised panic may have induced completely inconsistent information:

-------------------------------------------------------------------------------
Class / Object      Routine                Nature of exception           Effect
-------------------------------------------------------------------------------
COLLECT_APPLICATION root's creation        illegal opcode:              
<00000000023105A8>                         Eiffel run-time panic.        Bye
-------------------------------------------------------------------------------

collect: PANIC: illegal opcode ...

collect: system execution failed.
Following is the set of recorded exceptions.
NB: The raised panic may have induced completely inconsistent information:

-------------------------------------------------------------------------------
Class / Object      Routine                Nature of exception           Effect
-------------------------------------------------------------------------------
COLLECT_APPLICATION root's creation        illegal opcode:              
<00000000022905A8>                         Eiffel run-time panic.        Bye
-------------------------------------------------------------------------------

collect: dumping core to generate debugging information...

collect: PANIC: illegal opcode ...

collect: system execution failed.
Following is the set of recorded exceptions.
NB: The raised panic may have induced completely inconsistent information:

-------------------------------------------------------------------------------
Class / Object      Routine                Nature of exception           Effect
-------------------------------------------------------------------------------
COLLECT_APPLICATION root's creation        illegal opcode:              
<00000000022005A8>                         Eiffel run-time panic.        Bye
-------------------------------------------------------------------------------

collect: PANIC: illegal opcode ...

collect: system execution failed.
Following is the set of recorded exceptions.
NB: The raised panic may have induced completely inconsistent information:

-------------------------------------------------------------------------------
Class / Object      Routine                Nature of exception           Effect
-------------------------------------------------------------------------------
COLLECT_APPLICATION root's creation        illegal opcode:              
<00000000022C05A8>                         Eiffel run-time panic.        Bye
-------------------------------------------------------------------------------

collect: dumping core to generate debugging information...

collect: PANIC: illegal opcode ...

collect: system execution failed.
Following is the set of recorded exceptions.
NB: The raised panic may have induced completely inconsistent information:

-------------------------------------------------------------------------------
Class / Object      Routine                Nature of exception           Effect
-------------------------------------------------------------------------------
COLLECT_APPLICATION root's creation        illegal opcode:              
<00000000022D05A8>                         Eiffel run-time panic.        Bye
-------------------------------------------------------------------------------

collect: dumping core to generate debugging information...

collect: PANIC: illegal opcode ...

collect: system execution failed.
Following is the set of recorded exceptions.
NB: The raised panic may have induced completely inconsistent information:

-------------------------------------------------------------------------------
Class / Object      Routine                Nature of exception           Effect
-------------------------------------------------------------------------------
COLLECT_APPLICATION root's creation        illegal opcode:              
<00000000020C05A8>                         Eiffel run-time panic.        Bye
-------------------------------------------------------------------------------

collect: dumping core to generate debugging information...

collect: PANIC: illegal opcode ...

collect: system execution failed.
Following is the set of recorded exceptions.
NB: The raised panic may have induced completely inconsistent information:

-------------------------------------------------------------------------------
Class / Object      Routine                Nature of exception           Effect
-------------------------------------------------------------------------------
COLLECT_APPLICATION root's creation        illegal opcode:              
<00000000023005A8>                         Eiffel run-time panic.        Bye
-------------------------------------------------------------------------------

collect: dumping core to generate debugging information...

collect: PANIC: illegal opcode ...

collect: system execution failed.
Following is the set of recorded exceptions.
NB: The raised panic may have induced completely inconsistent information:

-------------------------------------------------------------------------------
Class / Object      Routine                Nature of exception           Effect
-------------------------------------------------------------------------------
COLLECT_APPLICATION root's creation        illegal opcode:              
<00000000021805A8>                         Eiffel run-time panic.        Bye
-------------------------------------------------------------------------------

collect: dumping core to generate debugging information...

collect: PANIC: illegal opcode ...

collect: system execution failed.
Following is the set of recorded exceptions.
NB: The raised panic may have induced completely inconsistent information:

-------------------------------------------------------------------------------
Class / Object      Routine                Nature of exception           Effect
-------------------------------------------------------------------------------
COLLECT_APPLICATION root's creation        illegal opcode:              
<00000000021E05A8>                         Eiffel run-time panic.        Bye
-------------------------------------------------------------------------------

collect: dumping core to generate debugging information...

collect: PANIC: illegal opcode ...

collect: system execution failed.
Following is the set of recorded exceptions.
NB: The raised panic may have induced completely inconsistent information:

-------------------------------------------------------------------------------
Class / Object      Routine                Nature of exception           Effect
-------------------------------------------------------------------------------
COLLECT_APPLICATION root's creation        illegal opcode:              
<00000000021B05A8>                         Eiffel run-time panic.        Bye
-------------------------------------------------------------------------------

collect: dumping core to generate debugging information...

collect: PANIC: illegal opcode ...

collect: system execution failed.
Following is the set of recorded exceptions.
NB: The raised panic may have induced completely inconsistent information:

-------------------------------------------------------------------------------
Class / Object      Routine                Nature of exception           Effect
-------------------------------------------------------------------------------
COLLECT_APPLICATION root's creation        illegal opcode:              
<00000000022605A8>                         Eiffel run-time panic.        Bye
-------------------------------------------------------------------------------

collect: dumping core to generate debugging information...
